;  LST file generated by mikroListExporter - v.2.0 
; Date/Time: 5/5/2018 11:01:45 PM
;----------------------------------------------

;Address Opcode 	ASM
0x0000	0xF000EF35  	GOTO        106
0x0004	0x0000      	NOP
0x0006	0x0000      	NOP
0x0008	0xF000EF00  	GOTO        0
0x000C	0x0000      	NOP
0x000E	0x0000      	NOP
0x0010	0x0000      	NOP
0x0012	0x0000      	NOP
0x0014	0x0000      	NOP
0x0016	0x0000      	NOP
0x0018	0xD7F3      	BRA         0
_Right:
;RC_Car.c,45 :: 		void Right(){
;RC_Car.c,47 :: 		PORTD &= ~((1<<0) | (1<<2) | (1<<3));
0x001C	0x0EF2      	MOVLW       242
0x001E	0x1683      	ANDWF       PORTD, 1 
;RC_Car.c,48 :: 		PORTD |= (1<<1);
0x0020	0x8283      	BSF         PORTD, 1 
;RC_Car.c,49 :: 		}
L_end_Right:
0x0022	0x0012      	RETURN      0
; end of _Right
_Left:
;RC_Car.c,40 :: 		void Left(){
;RC_Car.c,41 :: 		PORTD &= ~((1<<1) | (1<<2) | (1<<3));
0x0024	0x0EF1      	MOVLW       241
0x0026	0x1683      	ANDWF       PORTD, 1 
;RC_Car.c,42 :: 		PORTD |= (1<<0);
0x0028	0x8083      	BSF         PORTD, 0 
;RC_Car.c,43 :: 		}
L_end_Left:
0x002A	0x0012      	RETURN      0
; end of _Left
___CC2DW:
;__Lib_System.c,21 :: 		
;__Lib_System.c,23 :: 		
_CC2DL_Loop1:
;__Lib_System.c,24 :: 		
0x002C	0x0009      	TBLRD*+
;__Lib_System.c,25 :: 		
0x002E	0xFFE6CFF5  	MOVFF       TABLAT, POSTINC1
;__Lib_System.c,26 :: 		
0x0032	0x0600      	DECF        R0, 1, 0
;__Lib_System.c,27 :: 		
0x0034	0xE1FB      	BNZ         _CC2DL_Loop1
;__Lib_System.c,28 :: 		
0x0036	0x0601      	DECF        R1, 1, 0
;__Lib_System.c,29 :: 		
0x0038	0xE1F9      	BNZ         _CC2DL_Loop1
;__Lib_System.c,31 :: 		
L_end___CC2DW:
0x003A	0x0012      	RETURN      0
; end of ___CC2DW
_Stop:
;RC_Car.c,51 :: 		void Stop(){
;RC_Car.c,53 :: 		PORTD &= ~((1<<0) | (1<<1) | (1<<2) | (1<<3));
0x003C	0x0EF0      	MOVLW       240
0x003E	0x1683      	ANDWF       PORTD, 1 
;RC_Car.c,54 :: 		}
L_end_Stop:
0x0040	0x0012      	RETURN      0
; end of _Stop
_Backward:
;RC_Car.c,34 :: 		void Backward(){
;RC_Car.c,36 :: 		PORTD &= ~((1<<0) | (1<<1));
0x0042	0x0EFC      	MOVLW       252
0x0044	0x1683      	ANDWF       PORTD, 1 
;RC_Car.c,37 :: 		PORTD |= (1<<2) | (1<<3);
0x0046	0x0E0C      	MOVLW       12
0x0048	0x1283      	IORWF       PORTD, 1 
;RC_Car.c,38 :: 		}
L_end_Backward:
0x004A	0x0012      	RETURN      0
; end of _Backward
_UART_INIT:
;RC_Car.c,14 :: 		void UART_INIT(){
;RC_Car.c,16 :: 		SPBRG = ((_XTAL_FREQ / 16) / Baud_rate) - 1;
0x004C	0x0E67      	MOVLW       103
0x004E	0x6EAF      	MOVWF       SPBRG 
;RC_Car.c,18 :: 		TXSTA = 0b00100100;    //Set TXEN bit to 1, TX9 bit to 0, SYNC bit to 0 & BRGH bit to 1
0x0050	0x0E24      	MOVLW       36
0x0052	0x6EAC      	MOVWF       TXSTA 
;RC_Car.c,19 :: 		RCSTA = 0b10010010;    //Set CERN bit to 1, RX9 bit to 0 & SPEN bit to 0
0x0054	0x0E92      	MOVLW       146
0x0056	0x6EAB      	MOVWF       RCSTA 
;RC_Car.c,20 :: 		}
L_end_UART_INIT:
0x0058	0x0012      	RETURN      0
; end of _UART_INIT
_UART_GET_CHARACTER:
;RC_Car.c,22 :: 		char UART_GET_CHARACTER(){
;RC_Car.c,24 :: 		while(!RCIF);
L_UART_GET_CHARACTER3:
;RC_Car.c,25 :: 		return RCREG;
0x005A	0xF000CFAE  	MOVFF       RCREG, R0
;RC_Car.c,26 :: 		}
L_end_UART_GET_CHARACTER:
0x005E	0x0012      	RETURN      0
; end of _UART_GET_CHARACTER
_Forward:
;RC_Car.c,28 :: 		void Forward(){
;RC_Car.c,30 :: 		PORTD |= (1<<0) | (1<<1);
0x0060	0x0E03      	MOVLW       3
0x0062	0x1283      	IORWF       PORTD, 1 
;RC_Car.c,31 :: 		PORTD &= ~((1<<2) | (1<<3));
0x0064	0x0EF3      	MOVLW       243
0x0066	0x1683      	ANDWF       PORTD, 1 
;RC_Car.c,32 :: 		}
L_end_Forward:
0x0068	0x0012      	RETURN      0
; end of _Forward
_main:
;RC_Car.c,57 :: 		void main() {
;RC_Car.c,59 :: 		TRISC &= ~(1<<6);
0x006A	0x9C94      	BCF         TRISC, 6 
;RC_Car.c,60 :: 		TRISC |= (1<<7);
0x006C	0x8E94      	BSF         TRISC, 7 
;RC_Car.c,61 :: 		TRISD = 0x00;
0x006E	0x6A95      	CLRF        TRISD 
;RC_Car.c,63 :: 		PORTD = 0x00;
0x0070	0x6A83      	CLRF        PORTD 
;RC_Car.c,65 :: 		UART_INIT();
0x0072	0xDFEC      	RCALL       _UART_INIT
;RC_Car.c,67 :: 		while(1){
L_main4:
;RC_Car.c,69 :: 		readBluetooth = UART_GET_CHARACTER();
0x0074	0xDFF2      	RCALL       _UART_GET_CHARACTER
0x0076	0xF015C000  	MOVFF       R0, _readBluetooth
;RC_Car.c,70 :: 		switch (readBluetooth){
0x007A	0xD03C      	BRA         L_main6
;RC_Car.c,73 :: 		case 'F':
L_main8:
;RC_Car.c,74 :: 		Forward();
0x007C	0xDFF1      	RCALL       _Forward
;RC_Car.c,75 :: 		delay_ms(10);
0x007E	0x0E34      	MOVLW       52
0x0080	0x6E0C      	MOVWF       R12, 0
0x0082	0x0EF1      	MOVLW       241
0x0084	0x6E0D      	MOVWF       R13, 0
L_main9:
0x0086	0x2E0D      	DECFSZ      R13, 1, 0
0x0088	0xD7FE      	BRA         L_main9
0x008A	0x2E0C      	DECFSZ      R12, 1, 0
0x008C	0xD7FC      	BRA         L_main9
0x008E	0x0000      	NOP
0x0090	0x0000      	NOP
;RC_Car.c,76 :: 		break;
0x0092	0xD03F      	BRA         L_main7
;RC_Car.c,79 :: 		case 'B':
L_main10:
;RC_Car.c,80 :: 		Backward();
0x0094	0xDFD6      	RCALL       _Backward
;RC_Car.c,81 :: 		delay_ms(10);
0x0096	0x0E34      	MOVLW       52
0x0098	0x6E0C      	MOVWF       R12, 0
0x009A	0x0EF1      	MOVLW       241
0x009C	0x6E0D      	MOVWF       R13, 0
L_main11:
0x009E	0x2E0D      	DECFSZ      R13, 1, 0
0x00A0	0xD7FE      	BRA         L_main11
0x00A2	0x2E0C      	DECFSZ      R12, 1, 0
0x00A4	0xD7FC      	BRA         L_main11
0x00A6	0x0000      	NOP
0x00A8	0x0000      	NOP
;RC_Car.c,82 :: 		break;
0x00AA	0xD033      	BRA         L_main7
;RC_Car.c,85 :: 		case 'R':
L_main12:
;RC_Car.c,86 :: 		Left();
0x00AC	0xDFBB      	RCALL       _Left
;RC_Car.c,87 :: 		delay_ms(10);
0x00AE	0x0E34      	MOVLW       52
0x00B0	0x6E0C      	MOVWF       R12, 0
0x00B2	0x0EF1      	MOVLW       241
0x00B4	0x6E0D      	MOVWF       R13, 0
L_main13:
0x00B6	0x2E0D      	DECFSZ      R13, 1, 0
0x00B8	0xD7FE      	BRA         L_main13
0x00BA	0x2E0C      	DECFSZ      R12, 1, 0
0x00BC	0xD7FC      	BRA         L_main13
0x00BE	0x0000      	NOP
0x00C0	0x0000      	NOP
;RC_Car.c,88 :: 		break;
0x00C2	0xD027      	BRA         L_main7
;RC_Car.c,91 :: 		case 'L':
L_main14:
;RC_Car.c,92 :: 		Right();
0x00C4	0xDFAB      	RCALL       _Right
;RC_Car.c,93 :: 		delay_ms(10);
0x00C6	0x0E34      	MOVLW       52
0x00C8	0x6E0C      	MOVWF       R12, 0
0x00CA	0x0EF1      	MOVLW       241
0x00CC	0x6E0D      	MOVWF       R13, 0
L_main15:
0x00CE	0x2E0D      	DECFSZ      R13, 1, 0
0x00D0	0xD7FE      	BRA         L_main15
0x00D2	0x2E0C      	DECFSZ      R12, 1, 0
0x00D4	0xD7FC      	BRA         L_main15
0x00D6	0x0000      	NOP
0x00D8	0x0000      	NOP
;RC_Car.c,94 :: 		break;
0x00DA	0xD01B      	BRA         L_main7
;RC_Car.c,97 :: 		case 'S':
L_main16:
;RC_Car.c,98 :: 		Stop();
0x00DC	0xDFAF      	RCALL       _Stop
;RC_Car.c,99 :: 		delay_ms(10);
0x00DE	0x0E34      	MOVLW       52
0x00E0	0x6E0C      	MOVWF       R12, 0
0x00E2	0x0EF1      	MOVLW       241
0x00E4	0x6E0D      	MOVWF       R13, 0
L_main17:
0x00E6	0x2E0D      	DECFSZ      R13, 1, 0
0x00E8	0xD7FE      	BRA         L_main17
0x00EA	0x2E0C      	DECFSZ      R12, 1, 0
0x00EC	0xD7FC      	BRA         L_main17
0x00EE	0x0000      	NOP
0x00F0	0x0000      	NOP
;RC_Car.c,100 :: 		break;
0x00F2	0xD00F      	BRA         L_main7
;RC_Car.c,101 :: 		}
L_main6:
0x00F4	0x5015      	MOVF        _readBluetooth, 0 
0x00F6	0x0A46      	XORLW       70
0x00F8	0xE0C1      	BZ          L_main8
0x00FA	0x5015      	MOVF        _readBluetooth, 0 
0x00FC	0x0A42      	XORLW       66
0x00FE	0xE0CA      	BZ          L_main10
0x0100	0x5015      	MOVF        _readBluetooth, 0 
0x0102	0x0A52      	XORLW       82
0x0104	0xE0D3      	BZ          L_main12
0x0106	0x5015      	MOVF        _readBluetooth, 0 
0x0108	0x0A4C      	XORLW       76
0x010A	0xE0DC      	BZ          L_main14
0x010C	0x5015      	MOVF        _readBluetooth, 0 
0x010E	0x0A53      	XORLW       83
0x0110	0xE0E5      	BZ          L_main16
L_main7:
;RC_Car.c,102 :: 		}
0x0112	0xD7B0      	BRA         L_main4
;RC_Car.c,103 :: 		}
L_end_main:
0x0114	0xD7FF      	BRA         $+0
; end of _main
Symbol List:
//** Routines locations **
//ADDRESS    SIZE    PROCEDURE
//----------------------------------------------
0x001C       [8]    _Right
0x0024       [8]    _Left
0x002C      [16]    ___CC2DW
0x003C       [6]    _Stop
0x0042      [10]    _Backward
0x004C      [14]    _UART_INIT
0x005A       [6]    _UART_GET_CHARACTER
0x0060      [10]    _Forward
0x006A     [172]    _main
//** Variables locations ** 
//ADDRESS    SIZE    VARIABLE
//----------------------------------------------
0x0000       [1]    UART1_Init_tmp_L0
0x0000       [1]    EEPROM_Write_SaveINTCON_L0
0x0000       [1]    R0
0x0000       [1]    __Lib_SoftI2C_PutZerosToLATSda_temp_sda_L0
0x0000       [1]    FLASH_Erase_64_SaveINTCON_L0
0x0000       [1]    SPI1_Write_tmp_L0
0x0000       [1]    __Lib_SoftI2C_PutZerosToLATScl_temp_scl_L0
0x0001       [1]    __Lib_TFT_JPEG_FileReadBytes_Result_L0
0x0001       [1]    R1
0x0001       [1]    FLASH_Erase_Write_64_i_L0
0x0001       [1]    __Lib_TFT_JPEG_FileRead_i_L0
0x0001       [2]    FLASH_Read_N_Bytes_i_L0
0x0001       [1]    FLASH_Write_64_i_L0
0x0001       [1]    __Lib_TFT_16bit_JPEG_FileReadBytes_Result_L0
0x0001       [1]    I2C1_Rd_tmp_L0
0x0001       [1]    UART1_Read___tmp_UART1_Read_L0
0x0001       [1]    __Lib_TFT_16bit_JPEG_FileRead_i_L0
0x0001       [1]    __Lib_PS2_Wait_Falling_nsample_L0
0x0001       [1]    ispunct_rslt_L0
0x0002       [2]    memchr_s_L0
0x0002       [2]    memcpy_dd_L0
0x0002       [1]    FLASH_Erase_Write_64_j_L0
0x0002       [1]    R2
0x0002       [1]    FLASH_Write_64_SaveINTCON_L0
0x0002       [2]    strlen_cp_L0
0x0002       [2]    memset_pp_L0
0x0003       [2]    Ltrim_original_L0
0x0003       [1]    __Lib_Sprinti_?FLOC____Lib_Sprinti_Do_FillT29
0x0003       [1]    R3
0x0003       [2]    __Lib_MmcFat16_f16_toInt_l_L0
0x0003       [2]    MM_TotalFreeMemSize_Tot_L0
0x0003       [1]    MM_Init_i_L0
0x0003       [2]    memmove_tt_L0
0x0003       [1]    FLASH_Erase_Write_64_SaveINTCON_L0
0x0004       [2]    __Lib_MemManager_MM_GetMemAlign_P_L0
0x0004       [1]    R4
0x0004       [2]    strcat_cp_L0
0x0004       [2]    memcpy_ss_L0
0x0004       [2]    strncat_cp_L0
0x0004       [2]    strcpy_cp_L0
0x0004       [1]    __Lib_Sprinti_?FLOC____Lib_Sprinti_Do_FillT40
0x0004       [2]    frexp_pom_L0
0x0004       [2]    strncpy_cp_L0
0x0005       [1]    __Lib_Sprinti_?FLOC____Lib_Sprinti_Do_FillT54
0x0005       [2]    memmove_ff_L0
0x0005       [2]    Ltrim_p_L0
0x0005       [1]    R5
0x0005       [2]    LongIntToHex_input_half_L0
0x0005       [2]    LongWordToHex_input_half_L0
0x0005       [1]    MM_TotalFreeMemSize_i_L0
0x0006       [1]    R6
0x0006       [1]    __Lib_Sprinti_?FLOC____Lib_Sprinti_Do_FillT69
0x0006       [1]    __Lib_MemManager_MM_GetMemAlign_i_L0
0x0007       [1]    __Lib_TFT_16bit_JPEG_GenerateHuffmanTables_bLength_L0
0x0007       [1]    R7
0x0007       [1]    __Lib_TFT_JPEG_GenerateHuffmanTables_bLength_L0
0x0008       [1]    __Lib_TFT_16bit_JPEG_GenerateHuffmanTables_bTable_L0
0x0008       [1]    __Lib_TFT_JPEG_GenerateHuffmanTables_bTable_L0
0x0008       [1]    R8
0x0009       [1]    R9
0x0009       [4]    __Lib_MmcFat16_f16_toLong_l_L0
0x000A       [1]    R10
0x000B       [1]    R11
0x000C       [1]    R12
0x000D       [1]    R13
0x000E       [1]    R14
0x000F       [1]    R15
0x0010       [1]    R16
0x0011       [1]    R17
0x0012       [1]    R18
0x0013       [1]    R19
0x0014       [1]    R20
0x0015       [1]    _readBluetooth
0x0F83       [1]    PORTD
0x0F94       [1]    TRISC
0x0F95       [1]    TRISD
0x0FAB       [1]    RCSTA
0x0FAC       [1]    TXSTA
0x0FAE       [1]    RCREG
0x0FAF       [1]    SPBRG
0x0FD8       [1]    STATUS
0x0FD9       [1]    FSR2L
0x0FDA       [1]    FSR2H
0x0FDE       [1]    POSTINC2
0x0FE0       [1]    BSR
0x0FE1       [1]    FSR1L
0x0FE2       [1]    FSR1H
0x0FE4       [1]    PREINC1
0x0FE6       [1]    POSTINC1
0x0FE7       [1]    INDF1
0x0FE8       [1]    WREG
0x0FE9       [1]    FSR0L
0x0FEA       [1]    FSR0H
0x0FEE       [1]    POSTINC0
0x0FF3       [1]    PRODL
0x0FF4       [1]    PRODH
0x0FF5       [1]    TABLAT
0x0FF6       [1]    TBLPTRL
0x0FF7       [1]    TBLPTRH
0x0FF8       [1]    TBLPTRU
//** Label List: ** 
//----------------------------------------------
  L_TEST0
  L_TEST1
  L_UART_GET_CHARACTER2
  L_UART_GET_CHARACTER3
  L_main4
  L_main5
  L_main6
  L_main7
  L_main8
  L_main9
  L_main10
  L_main11
  L_main12
  L_main13
  L_main14
  L_main15
  L_main16
  L_main17
  L_end_TEST
  _TEST
  L_end_UART_INIT
  _UART_INIT
  L_end_UART_GET_CHARACTER
  _UART_GET_CHARACTER
  L_end_Forward
  _Forward
  L_end_Backward
  _Backward
  L_end_Left
  _Left
  L_end_Right
  _Right
  L_end_Stop
  _Stop
  L_end_main
  _main
  _CC2D_Loop1
  _CC2DL_Loop1
  L_loopCA2AWs
  L_loopCCA2AWs
  L_loopCS2Ss
  L_CS2Send
  L_loopCCS2Ss
  L_CCS2Send
  L_loopFZinSWs
  L_longjmp7
  L_end___CC2D
  ___CC2D
  L_end___CC2DW
  ___CC2DW
  L_end___CA2AW
  ___CA2AW
  L_end___CCA2AW
  ___CCA2AW
  L_end___CS2S
  ___CS2S
  L_end___CCS2S
  ___CCS2S
  L_end___FZinS
  ___FZinS
  L_end_____DoIFC
  _____DoIFC
  L_end_Swap
  _Swap
  L_end_setjmp
  _setjmp
  L_end_longjmp
  _longjmp
